# JRE version: Java(TM) SE Runtime Environment (17.0.12+8) (build 17.0.12+8-LTS-286)
# Java VM: Java HotSpot(TM) 64-Bit Server VM (17.0.12+8-LTS-286, mixed mode, emulated-client, sharing, tiered, compressed oops, compressed class ptrs, g1 gc, windows-amd64)
GC Precious Log:
 CPUs: 16 total, 16 available
 Memory: 7501M
 Large Page Support: Disabled
 NUMA Support: Disabled
 Compressed Oops: Enabled (32-bit)
 Heap Region Size: 1M
 Heap Min Capacity: 8M
 Heap Initial Capacity: 118M
 Heap Max Capacity: 1876M
 Pre-touch: Disabled
 Parallel Workers: 13
 Concurrent Workers: 3
 Concurrent Refinement Workers: 13
 Periodic GC: Disabled
Heap:
 garbage-first heap   total 120832K, used 13137K [0x000000008ac00000, 0x0000000100000000)
  region size 1024K, 1 young (1024K), 1 survivors (1024K)
 Metaspace       used 12549K, committed 12928K, reserved 1114112K
  class space    used 1757K, committed 1920K, reserved 1048576K
GC Heap History (11 events):
Event: 1.440 GC heap before
{Heap before GC invocations=0 (full 0):
 garbage-first heap   total 120832K, used 24576K [0x000000008ac00000, 0x0000000100000000)
  region size 1024K, 23 young (23552K), 0 survivors (0K)
 Metaspace       used 4236K, committed 4416K, reserved 1114112K
  class space    used 568K, committed 640K, reserved 1048576K
}
Event: 1.451 GC heap after
{Heap after GC invocations=1 (full 0):
 garbage-first heap   total 120832K, used 9843K [0x000000008ac00000, 0x0000000100000000)
  region size 1024K, 3 young (3072K), 3 survivors (3072K)
 Metaspace       used 4236K, committed 4416K, reserved 1114112K
  class space    used 568K, committed 640K, reserved 1048576K
}
Event: 3.512 GC heap before
{Heap before GC invocations=1 (full 0):
 garbage-first heap   total 120832K, used 36467K [0x000000008ac00000, 0x0000000100000000)
  region size 1024K, 29 young (29696K), 3 survivors (3072K)
 Metaspace       used 9045K, committed 9408K, reserved 1114112K
  class space    used 1330K, committed 1536K, reserved 1048576K
}
Event: 4.534 GC heap after
{Heap after GC invocations=2 (full 0):
 garbage-first heap   total 120832K, used 11855K [0x000000008ac00000, 0x0000000100000000)
  region size 1024K, 2 young (2048K), 2 survivors (2048K)
 Metaspace       used 9045K, committed 9408K, reserved 1114112K
  class space    used 1330K, committed 1536K, reserved 1048576K
}
Event: 4.621 GC heap before
{Heap before GC invocations=2 (full 0):
 garbage-first heap   total 120832K, used 13903K [0x000000008ac00000, 0x0000000100000000)
  region size 1024K, 5 young (5120K), 2 survivors (2048K)
 Metaspace       used 9775K, committed 10176K, reserved 1114112K
  class space    used 1392K, committed 1600K, reserved 1048576K
}
Event: 4.626 GC heap after
{Heap after GC invocations=3 (full 0):
 garbage-first heap   total 120832K, used 12150K [0x000000008ac00000, 0x0000000100000000)
  region size 1024K, 1 young (1024K), 1 survivors (1024K)
 Metaspace       used 9775K, committed 10176K, reserved 1114112K
  class space    used 1392K, committed 1600K, reserved 1048576K
}
Event: 4.744 GC heap before
{Heap before GC invocations=3 (full 0):
 garbage-first heap   total 120832K, used 16246K [0x000000008ac00000, 0x0000000100000000)
  region size 1024K, 5 young (5120K), 1 survivors (1024K)
 Metaspace       used 10541K, committed 10944K, reserved 1114112K
  class space    used 1485K, committed 1664K, reserved 1048576K
}
Event: 4.747 GC heap after
{Heap after GC invocations=4 (full 0):
 garbage-first heap   total 120832K, used 12707K [0x000000008ac00000, 0x0000000100000000)
  region size 1024K, 1 young (1024K), 1 survivors (1024K)
 Metaspace       used 10541K, committed 10944K, reserved 1114112K
  class space    used 1485K, committed 1664K, reserved 1048576K
}
Event: 4.826 GC heap before
{Heap before GC invocations=4 (full 0):
 garbage-first heap   total 120832K, used 15779K [0x000000008ac00000, 0x0000000100000000)
  region size 1024K, 5 young (5120K), 1 survivors (1024K)
 Metaspace       used 11636K, committed 11968K, reserved 1114112K
  class space    used 1621K, committed 1792K, reserved 1048576K
}
Event: 4.831 GC heap after
{Heap after GC invocations=5 (full 0):
 garbage-first heap   total 120832K, used 12956K [0x000000008ac00000, 0x0000000100000000)
  region size 1024K, 1 young (1024K), 1 survivors (1024K)
 Metaspace       used 11636K, committed 11968K, reserved 1114112K
  class space    used 1621K, committed 1792K, reserved 1048576K
}
Event: 4.968 GC heap before
{Heap before GC invocations=5 (full 0):
 garbage-first heap   total 120832K, used 17052K [0x000000008ac00000, 0x0000000100000000)
  region size 1024K, 5 young (5120K), 1 survivors (1024K)
 Metaspace       used 12549K, committed 12928K, reserved 1114112K
  class space    used 1757K, committed 1920K, reserved 1048576K
}

